app/build/intermediates/manifest_merge_blame_file/debug/manifest-merger-blame-debug-report.txt
1<?xml version="1.0" encoding="utf-8"?>
2<manifest xmlns:android="http://schemas.android.com/apk/res/android"
3    package="com.pegadaian.vms"
4    android:versionCode="1"
5    android:versionName="1.0" >
6
7    <uses-sdk
8        android:minSdkVersion="21"
8-->src\main\AndroidManifest.xml
9        android:targetSdkVersion="29" />
9-->src\main\AndroidManifest.xml
10
11    <uses-permission android:name="android.permission.CAMERA" />
11-->src\main\AndroidManifest.xml:5:5-65
11-->src\main\AndroidManifest.xml:5:22-62
12    <uses-permission android:name="android.permission.INTERNET" />
12-->src\main\AndroidManifest.xml:6:5-67
12-->src\main\AndroidManifest.xml:6:22-64
13    <uses-permission android:name="android.permission.READ_EXTERNAL_STORAGE" />
13-->src\main\AndroidManifest.xml:7:5-80
13-->src\main\AndroidManifest.xml:7:22-77
14    <uses-permission android:name="android.permission.WRITE_EXTERNAL_STORAGE" />
14-->src\main\AndroidManifest.xml:8:5-81
14-->src\main\AndroidManifest.xml:8:22-78
15
16    <!-- Although the *SdkVersion is captured in gradle build files, this is required for non gradle builds -->
17    <!-- <uses-sdk android:minSdkVersion="14"/> -->
18    <uses-permission android:name="android.permission.ACCESS_NETWORK_STATE" />
18-->[com.google.firebase:firebase-database:19.3.0] AndroidManifest.xml:25:5-79
18-->[com.google.firebase:firebase-database:19.3.0] AndroidManifest.xml:25:22-76
19    <uses-permission android:name="android.permission.WAKE_LOCK" /> <!-- Required by older versions of Google Play services to create IID tokens -->
19-->[com.google.android.gms:play-services-measurement-api:17.4.1] AndroidManifest.xml:24:5-68
19-->[com.google.android.gms:play-services-measurement-api:17.4.1] AndroidManifest.xml:24:22-65
20    <uses-permission android:name="com.google.android.c2dm.permission.RECEIVE" />
20-->[com.google.firebase:firebase-iid:20.1.5] AndroidManifest.xml:26:5-82
20-->[com.google.firebase:firebase-iid:20.1.5] AndroidManifest.xml:26:22-79
21    <uses-permission android:name="com.google.android.finsky.permission.BIND_GET_INSTALL_REFERRER_SERVICE" />
21-->[com.google.android.gms:play-services-measurement:17.4.1] AndroidManifest.xml:26:5-110
21-->[com.google.android.gms:play-services-measurement:17.4.1] AndroidManifest.xml:26:22-107
22
23    <application
23-->src\main\AndroidManifest.xml:10:5-28:19
24        android:allowBackup="true"
24-->src\main\AndroidManifest.xml:11:9-35
25        android:appComponentFactory="androidx.core.app.CoreComponentFactory"
25-->[androidx.core:core:1.1.0] AndroidManifest.xml:24:18-86
26        android:debuggable="true"
27        android:icon="@mipmap/ic_launcher"
27-->src\main\AndroidManifest.xml:12:9-43
28        android:label="@string/app_name"
28-->src\main\AndroidManifest.xml:13:9-41
29        android:roundIcon="@mipmap/ic_launcher"
29-->src\main\AndroidManifest.xml:14:9-48
30        android:supportsRtl="true"
30-->src\main\AndroidManifest.xml:15:9-35
31        android:testOnly="true"
32        android:theme="@style/AppTheme" >
32-->src\main\AndroidManifest.xml:16:9-40
33        <activity android:name="com.pegadaian.vms.CheckActivity" />
33-->src\main\AndroidManifest.xml:17:9-51
33-->src\main\AndroidManifest.xml:17:19-48
34        <activity android:name="com.pegadaian.vms.DetailVisitorActivity" />
34-->src\main\AndroidManifest.xml:18:9-59
34-->src\main\AndroidManifest.xml:18:19-56
35        <activity android:name="com.pegadaian.vms.VisitorActivity" />
35-->src\main\AndroidManifest.xml:19:9-53
35-->src\main\AndroidManifest.xml:19:19-50
36        <activity android:name="com.pegadaian.vms.AddVisitorActivity" />
36-->src\main\AndroidManifest.xml:20:9-56
36-->src\main\AndroidManifest.xml:20:19-53
37        <activity android:name="com.pegadaian.vms.MainActivity" >
37-->src\main\AndroidManifest.xml:21:9-27:20
37-->src\main\AndroidManifest.xml:21:19-47
38            <intent-filter>
38-->src\main\AndroidManifest.xml:22:13-26:29
39                <action android:name="android.intent.action.MAIN" />
39-->src\main\AndroidManifest.xml:23:17-69
39-->src\main\AndroidManifest.xml:23:25-66
40
41                <category android:name="android.intent.category.LAUNCHER" />
41-->src\main\AndroidManifest.xml:25:17-77
41-->src\main\AndroidManifest.xml:25:27-74
42            </intent-filter>
43        </activity>
44
45        <service
45-->[com.google.firebase:firebase-database:19.3.0] AndroidManifest.xml:29:9-35:19
46            android:name="com.google.firebase.components.ComponentDiscoveryService"
46-->[com.google.firebase:firebase-database:19.3.0] AndroidManifest.xml:30:13-84
47            android:directBootAware="true"
47-->[com.google.firebase:firebase-common:19.3.0] AndroidManifest.xml:34:13-43
48            android:exported="false" >
48-->[com.google.firebase:firebase-database:19.3.0] AndroidManifest.xml:31:13-37
49            <meta-data
49-->[com.google.firebase:firebase-database:19.3.0] AndroidManifest.xml:32:13-34:85
50                android:name="com.google.firebase.components:com.google.firebase.database.DatabaseRegistrar"
50-->[com.google.firebase:firebase-database:19.3.0] AndroidManifest.xml:33:17-109
51                android:value="com.google.firebase.components.ComponentRegistrar" />
51-->[com.google.firebase:firebase-database:19.3.0] AndroidManifest.xml:34:17-82
52            <meta-data
52-->[com.google.firebase:firebase-storage:19.1.1] AndroidManifest.xml:33:13-35:85
53                android:name="com.google.firebase.components:com.google.firebase.storage.StorageRegistrar"
53-->[com.google.firebase:firebase-storage:19.1.1] AndroidManifest.xml:34:17-107
54                android:value="com.google.firebase.components.ComponentRegistrar" />
54-->[com.google.firebase:firebase-storage:19.1.1] AndroidManifest.xml:35:17-82
55            <meta-data
55-->[com.google.android.gms:play-services-measurement-api:17.4.1] AndroidManifest.xml:30:13-32:85
56                android:name="com.google.firebase.components:com.google.firebase.analytics.connector.internal.AnalyticsConnectorRegistrar"
56-->[com.google.android.gms:play-services-measurement-api:17.4.1] AndroidManifest.xml:31:17-139
57                android:value="com.google.firebase.components.ComponentRegistrar" />
57-->[com.google.android.gms:play-services-measurement-api:17.4.1] AndroidManifest.xml:32:17-82
58            <meta-data
58-->[com.google.firebase:firebase-iid:20.1.5] AndroidManifest.xml:32:13-34:85
59                android:name="com.google.firebase.components:com.google.firebase.iid.Registrar"
59-->[com.google.firebase:firebase-iid:20.1.5] AndroidManifest.xml:33:17-96
60                android:value="com.google.firebase.components.ComponentRegistrar" />
60-->[com.google.firebase:firebase-iid:20.1.5] AndroidManifest.xml:34:17-82
61            <meta-data
61-->[com.google.firebase:firebase-installations:16.2.1] AndroidManifest.xml:17:13-19:85
62                android:name="com.google.firebase.components:com.google.firebase.installations.FirebaseInstallationsRegistrar"
62-->[com.google.firebase:firebase-installations:16.2.1] AndroidManifest.xml:18:17-127
63                android:value="com.google.firebase.components.ComponentRegistrar" />
63-->[com.google.firebase:firebase-installations:16.2.1] AndroidManifest.xml:19:17-82
64        </service>
65
66        <receiver
66-->[com.google.firebase:firebase-iid:20.1.5] AndroidManifest.xml:37:9-44:20
67            android:name="com.google.firebase.iid.FirebaseInstanceIdReceiver"
67-->[com.google.firebase:firebase-iid:20.1.5] AndroidManifest.xml:38:13-78
68            android:exported="true"
68-->[com.google.firebase:firebase-iid:20.1.5] AndroidManifest.xml:39:13-36
69            android:permission="com.google.android.c2dm.permission.SEND" >
69-->[com.google.firebase:firebase-iid:20.1.5] AndroidManifest.xml:40:13-73
70            <intent-filter>
70-->[com.google.firebase:firebase-iid:20.1.5] AndroidManifest.xml:41:13-43:29
71                <action android:name="com.google.android.c2dm.intent.RECEIVE" />
71-->[com.google.firebase:firebase-iid:20.1.5] AndroidManifest.xml:42:17-81
71-->[com.google.firebase:firebase-iid:20.1.5] AndroidManifest.xml:42:25-78
72            </intent-filter>
73        </receiver>
74
75        <activity
75-->[com.google.android.gms:play-services-base:17.0.0] AndroidManifest.xml:23:9-26:75
76            android:name="com.google.android.gms.common.api.GoogleApiActivity"
76-->[com.google.android.gms:play-services-base:17.0.0] AndroidManifest.xml:24:13-79
77            android:exported="false"
77-->[com.google.android.gms:play-services-base:17.0.0] AndroidManifest.xml:25:13-37
78            android:theme="@android:style/Theme.Translucent.NoTitleBar" />
78-->[com.google.android.gms:play-services-base:17.0.0] AndroidManifest.xml:26:13-72
79
80        <provider
80-->[com.google.firebase:firebase-common:19.3.0] AndroidManifest.xml:26:9-30:39
81            android:name="com.google.firebase.provider.FirebaseInitProvider"
81-->[com.google.firebase:firebase-common:19.3.0] AndroidManifest.xml:27:13-77
82            android:authorities="com.pegadaian.vms.firebaseinitprovider"
82-->[com.google.firebase:firebase-common:19.3.0] AndroidManifest.xml:28:13-72
83            android:exported="false"
83-->[com.google.firebase:firebase-common:19.3.0] AndroidManifest.xml:29:13-37
84            android:initOrder="100" />
84-->[com.google.firebase:firebase-common:19.3.0] AndroidManifest.xml:30:13-36
85
86        <receiver
86-->[com.google.android.gms:play-services-measurement:17.4.1] AndroidManifest.xml:29:9-33:20
87            android:name="com.google.android.gms.measurement.AppMeasurementReceiver"
87-->[com.google.android.gms:play-services-measurement:17.4.1] AndroidManifest.xml:30:13-85
88            android:enabled="true"
88-->[com.google.android.gms:play-services-measurement:17.4.1] AndroidManifest.xml:31:13-35
89            android:exported="false" >
89-->[com.google.android.gms:play-services-measurement:17.4.1] AndroidManifest.xml:32:13-37
90        </receiver>
91
92        <service
92-->[com.google.android.gms:play-services-measurement:17.4.1] AndroidManifest.xml:35:9-38:40
93            android:name="com.google.android.gms.measurement.AppMeasurementService"
93-->[com.google.android.gms:play-services-measurement:17.4.1] AndroidManifest.xml:36:13-84
94            android:enabled="true"
94-->[com.google.android.gms:play-services-measurement:17.4.1] AndroidManifest.xml:37:13-35
95            android:exported="false" />
95-->[com.google.android.gms:play-services-measurement:17.4.1] AndroidManifest.xml:38:13-37
96        <service
96-->[com.google.android.gms:play-services-measurement:17.4.1] AndroidManifest.xml:39:9-43:72
97            android:name="com.google.android.gms.measurement.AppMeasurementJobService"
97-->[com.google.android.gms:play-services-measurement:17.4.1] AndroidManifest.xml:40:13-87
98            android:enabled="true"
98-->[com.google.android.gms:play-services-measurement:17.4.1] AndroidManifest.xml:41:13-35
99            android:exported="false"
99-->[com.google.android.gms:play-services-measurement:17.4.1] AndroidManifest.xml:42:13-37
100            android:permission="android.permission.BIND_JOB_SERVICE" />
100-->[com.google.android.gms:play-services-measurement:17.4.1] AndroidManifest.xml:43:13-69
101
102        <meta-data
102-->[com.google.android.gms:play-services-basement:17.0.0] AndroidManifest.xml:23:9-25:69
103            android:name="com.google.android.gms.version"
103-->[com.google.android.gms:play-services-basement:17.0.0] AndroidManifest.xml:24:13-58
104            android:value="@integer/google_play_services_version" />
104-->[com.google.android.gms:play-services-basement:17.0.0] AndroidManifest.xml:25:13-66
105    </application>
106
107</manifest>